{"level":"error","message":"check connection db querySrv EREFUSED _mongodb._tcp.abdelbasset.d7gr8ht.mongodb.net","timestamp":"2023-02-09T19:24:07.978Z"}
{"level":"error","message":"check connection db connect ETIMEDOUT 13.37.147.229:27017","timestamp":"2023-02-10T14:59:56.275Z"}
{"level":"error","message":"check connection db connect ETIMEDOUT 13.37.147.229:27017","timestamp":"2023-02-10T18:56:50.251Z"}
{"level":"error","message":"unhandledRejection The client is closed and Error","timestamp":"2023-02-17T16:30:29.229Z"}
{"level":"error","message":"unhandledRejection WRONGTYPE Operation against a key holding the wrong kind of value and Error","timestamp":"2023-02-17T16:42:10.633Z"}
{"level":"error","message":"unhandledRejection Socket already opened and Error","timestamp":"2023-02-17T17:27:01.661Z"}
{"level":"error","message":"unhandledRejection Socket already opened and Error","timestamp":"2023-02-17T17:30:09.876Z"}
{"level":"error","message":"unhandledRejection Socket already opened and Error","timestamp":"2023-02-19T17:01:08.117Z"}
{"level":"error","message":"unhandledRejection Socket already opened and Error","timestamp":"2023-02-19T17:01:44.628Z"}
{"level":"error","message":"unhandledRejection Socket already opened and Error","timestamp":"2023-02-19T17:04:01.714Z"}
{"level":"error","message":"unhandledRejection Socket already opened and Error","timestamp":"2023-02-19T17:04:03.912Z"}
{"level":"error","message":"unhandledRejection Socket already opened and Error","timestamp":"2023-02-19T17:04:05.240Z"}
{"level":"error","message":"unhandledRejection The client is closed and Error","timestamp":"2023-02-19T17:05:20.939Z"}
{"level":"error","message":"unhandledRejection The client is closed and Error","timestamp":"2023-02-19T17:09:03.445Z"}
{"level":"error","message":"unhandledRejection The client is closed and Error","timestamp":"2023-02-19T17:09:06.367Z"}
{"level":"error","message":"unhandledRejection The client is closed and Error","timestamp":"2023-02-19T17:09:08.076Z"}
{"level":"error","message":"unhandledRejection The client is closed and Error","timestamp":"2023-02-19T17:09:10.543Z"}
{"level":"error","message":"unhandledRejection The client is closed and Error","timestamp":"2023-02-19T17:11:38.350Z"}
{"level":"error","message":"unhandledRejection The client is closed and Error","timestamp":"2023-02-19T17:12:15.052Z"}
{"level":"error","message":"unhandledRejection The client is closed and Error","timestamp":"2023-02-19T17:12:32.253Z"}
{"level":"error","message":"unhandledRejection The client is closed and Error","timestamp":"2023-02-19T17:13:00.739Z"}
{"level":"error","message":"unhandledRejection The client is closed and Error","timestamp":"2023-02-19T17:13:04.247Z"}
{"level":"error","message":"unhandledRejection Cannot read properties of null (reading 'json') and TypeError","timestamp":"2023-02-23T17:09:00.298Z"}
{"level":"error","message":"unhandledRejection Cannot read properties of null (reading 'json') and TypeError","timestamp":"2023-02-23T17:14:10.479Z"}
{"level":"error","message":"unhandledRejection Cannot read properties of null (reading 'json') and TypeError","timestamp":"2023-02-23T17:14:45.818Z"}
{"level":"error","message":"unhandledRejection Assignment to constant variable. and TypeError","timestamp":"2023-02-23T18:01:52.002Z"}
{"level":"error","message":"unhandledRejection Assignment to constant variable. and TypeError","timestamp":"2023-02-23T18:02:26.717Z"}
{"level":"error","message":"unhandledRejection Assignment to constant variable. and TypeError","timestamp":"2023-02-23T18:03:03.535Z"}
{"level":"error","message":"unhandledRejection The From phone number +213673647702 is not a valid, SMS-capable inbound phone number or short code for your account. and Error","timestamp":"2023-02-25T13:30:05.074Z"}
{"level":"error","message":"unhandledRejection connect ETIMEDOUT 52.20.104.111:443 and Error","timestamp":"2023-02-25T13:32:55.745Z"}
{"level":"error","message":"check connection db queryTxt EREFUSED abdelbasset.d7gr8ht.mongodb.net","timestamp":"2023-08-28T21:21:59.267Z"}
{"level":"error","message":"unhandledRejection queryTxt EREFUSED abdelbasset.d7gr8ht.mongodb.net and Error","timestamp":"2023-09-01T19:27:59.021Z"}
{"level":"error","message":"unhandledRejection querySrv EREFUSED _mongodb._tcp.abdelbasset.d7gr8ht.mongodb.net and Error","timestamp":"2023-09-01T21:30:43.659Z"}
